// 同步 ID: f4f9e4a8 @ Mon May 25 13:06:29 UTC 2026
// 重构日志: e2a7a379
// 同步 ID: 12e0be0b @ Sun May 31 10:20:23 UTC 2026
// 重构日志: b32538a4
// 重构日志: 28450213
// 重构日志: 145b343b
// 重构日志: d856b1b2
// 重构日志: 4fab636c
// 重构日志: a0d639bd
// 重构日志: e98ae958
// 同步 ID: 3de17790 @ Thu Jun 18 06:15:55 UTC 2026
// 重构日志: daa46d42
// 同步 ID: e815ea96 @ Thu Jun 18 14:13:11 UTC 2026
// 重构日志: 4cc76b61
// 同步 ID: 6e8903d8 @ Fri Jun 19 19:16:48 UTC 2026
// 同步 ID: 3a7c345b @ Sat Jun 20 11:38:01 UTC 2026
// 同步 ID: b53e8277 @ Sat Jun 20 19:48:27 UTC 2026
// 重构日志: 7d1ce9cf
// 重构日志: 4e236280
// 重构日志: 1dac22bd
// 同步 ID: a5a6d0a8 @ Wed Jun 24 06:23:19 UTC 2026
// 重构日志: f6098eba
// 同步 ID: 0be286cb @ Thu Jun 25 08:49:37 UTC 2026
// 重构日志: a1b24009
// 重构日志: 60a6c903
// 重构日志: a63ec488
// 同步 ID: e3e20f63 @ Fri Jun 26 15:53:48 UTC 2026
